#-----------------------------------------------------------
# Vivado v2020.1 (64-bit)
# SW Build 2902540 on Wed May 27 19:54:49 MDT 2020
# IP Build 2902112 on Wed May 27 22:43:36 MDT 2020
# Start of session at: Sun Nov 28 17:20:38 2021
# Process ID: 5892
# Current directory: C:/Users/Zhang/Desktop/car_light
# Command line: vivado.exe -gui_launcher_event rodinguilauncherevent19060 C:\Users\Zhang\Desktop\car_light\car_light.xpr
# Log file: C:/Users/Zhang/Desktop/car_light/vivado.log
# Journal file: C:/Users/Zhang/Desktop/car_light\vivado.jou
#-----------------------------------------------------------
start_gui
open_project C:/Users/Zhang/Desktop/car_light/car_light.xpr
INFO: [Project 1-313] Project file moved from 'C:/Users/LANGLANG/Desktop/vivado/car_light' since last save.
Scanning sources...
Finished scanning sources
INFO: [IP_Flow 19-234] Refreshing IP repositories
INFO: [IP_Flow 19-1704] No user IP repositories specified
INFO: [IP_Flow 19-2313] Loaded Vivado IP repository 'D:/Xilinx/Vivado/2020.1/data/ip'.
open_project: Time (s): cpu = 00:00:15 ; elapsed = 00:00:06 . Memory (MB): peak = 1035.105 ; gain = 0.000
update_compile_order -fileset sources_1
reset_run synth_1
launch_runs synth_1 -jobs 4
[Sun Nov 28 17:36:39 2021] Launched synth_1...
Run output will be captured here: C:/Users/Zhang/Desktop/car_light/car_light.runs/synth_1/runme.log
launch_runs impl_1 -jobs 4
[Sun Nov 28 17:37:39 2021] Launched impl_1...
Run output will be captured here: C:/Users/Zhang/Desktop/car_light/car_light.runs/impl_1/runme.log
open_run impl_1
INFO: [Device 21-403] Loading part xc7a35tcsg324-1
Netlist sorting complete. Time (s): cpu = 00:00:00 ; elapsed = 00:00:00.001 . Memory (MB): peak = 1336.602 ; gain = 0.000
INFO: [Netlist 29-17] Analyzing 14 Unisim elements for replacement
INFO: [Netlist 29-28] Unisim Transformation completed in 0 CPU seconds
INFO: [Project 1-479] Netlist was created with Vivado 2020.1
INFO: [Project 1-570] Preparing netlist for logic optimization
INFO: [Timing 38-478] Restoring timing data from binary archive.
INFO: [Timing 38-479] Binary timing data restore complete.
INFO: [Project 1-856] Restoring constraints from binary archive.
INFO: [Project 1-853] Binary constraint restore complete.
Reading XDEF placement.
Reading placer database...
Reading XDEF routing.
Read XDEF File: Time (s): cpu = 00:00:00 ; elapsed = 00:00:00.043 . Memory (MB): peak = 1986.965 ; gain = 0.000
Restored from archive | CPU: 0.000000 secs | Memory: 0.000000 MB |
Finished XDEF File Restore: Time (s): cpu = 00:00:00 ; elapsed = 00:00:00.044 . Memory (MB): peak = 1986.965 ; gain = 0.000
Netlist sorting complete. Time (s): cpu = 00:00:00 ; elapsed = 00:00:00 . Memory (MB): peak = 1986.965 ; gain = 0.000
INFO: [Project 1-111] Unisim Transformation Summary:
  A total of 2 instances were transformed.
  LDCP => LDCP (GND, LDCE, LUT3(x2), VCC): 2 instances

open_run: Time (s): cpu = 00:00:23 ; elapsed = 00:00:18 . Memory (MB): peak = 2094.926 ; gain = 970.246
WARNING: [Timing 38-313] There are no user specified timing constraints. Timing constraints are needed for proper timing analysis.
set_property package_pin "" [get_ports [list  change]]
set_property IOSTANDARD LVCMOS33 [get_ports [list change]]
place_ports change J4
save_constraints
reset_run synth_1
launch_runs synth_1 -jobs 4
[Sun Nov 28 17:53:45 2021] Launched synth_1...
Run output will be captured here: C:/Users/Zhang/Desktop/car_light/car_light.runs/synth_1/runme.log
place_ports change P5
save_constraints -force
reset_run synth_1
launch_runs synth_1 -jobs 4
[Sun Nov 28 17:56:18 2021] Launched synth_1...
Run output will be captured here: C:/Users/Zhang/Desktop/car_light/car_light.runs/synth_1/runme.log
launch_runs impl_1 -to_step write_bitstream -jobs 4
[Sun Nov 28 17:57:06 2021] Launched impl_1...
Run output will be captured here: C:/Users/Zhang/Desktop/car_light/car_light.runs/impl_1/runme.log
open_hw_manager
connect_hw_server -allow_non_jtag
INFO: [Labtools 27-2285] Connecting to hw_server url TCP:localhost:3121
INFO: [Labtools 27-2222] Launching hw_server...
INFO: [Labtools 27-2221] Launch Output:

****** Xilinx hw_server v2020.1
  **** Build date : May 27 2020 at 20:24:38
    ** Copyright 1986-2020 Xilinx, Inc. All Rights Reserved.


INFO: [Labtools 27-3415] Connecting to cs_server url TCP:localhost:3042
INFO: [Labtools 27-3417] Launching cs_server...
INFO: [Labtools 27-2221] Launch Output:


****** Xilinx cs_server v2020.1.0
  **** Build date : May 14 2020-09:10:29
    ** Copyright 2017-2020 Xilinx, Inc. All Rights Reserved.



connect_hw_server: Time (s): cpu = 00:00:01 ; elapsed = 00:00:09 . Memory (MB): peak = 2269.211 ; gain = 16.512
open_hw_target
INFO: [Labtoolstcl 44-466] Opening hw_target localhost:3121/xilinx_tcf/Xilinx/1234-tulA
set_property PROGRAM.FILE {C:/Users/Zhang/Desktop/car_light/car_light.runs/impl_1/car_light.bit} [get_hw_devices xc7a35t_0]
current_hw_device [get_hw_devices xc7a35t_0]
refresh_hw_device -update_hw_probes false [lindex [get_hw_devices xc7a35t_0] 0]
INFO: [Labtools 27-1434] Device xc7a35t (JTAG device index = 0) is programmed with a design that has no supported debug core(s) in it.
create_hw_cfgmem -hw_device [get_hw_devices xc7a35t_0] -mem_dev [lindex [get_cfgmem_parts {n25q64-3.3v-spi-x1_x2_x4}] 0]
reset_run impl_1 -prev_step 
launch_runs impl_1 -to_step write_bitstream -jobs 4
[Sun Nov 28 18:01:56 2021] Launched impl_1...
Run output will be captured here: C:/Users/Zhang/Desktop/car_light/car_light.runs/impl_1/runme.log
set_property PROBES.FILE {} [get_hw_devices xc7a35t_0]
set_property FULL_PROBES.FILE {} [get_hw_devices xc7a35t_0]
set_property PROGRAM.FILE {C:/Users/Zhang/Desktop/car_light/car_light.runs/impl_1/car_light.bit} [get_hw_devices xc7a35t_0]
program_hw_devices [get_hw_devices xc7a35t_0]
INFO: [Labtools 27-3164] End of startup status: HIGH
refresh_hw_device [lindex [get_hw_devices xc7a35t_0] 0]
INFO: [Labtools 27-1434] Device xc7a35t (JTAG device index = 0) is programmed with a design that has no supported debug core(s) in it.
ERROR: [Labtoolstcl 44-513] HW Target shutdown. Closing target: localhost:3121/xilinx_tcf/Xilinx/1234-tulA
reset_run impl_1 -prev_step 
launch_runs impl_1 -to_step write_bitstream -jobs 4
WARNING: [Vivado 12-872] Run step 'Design Initialization' is out-of-date.
[Sun Nov 28 18:21:55 2021] Launched impl_1...
Run output will be captured here: C:/Users/Zhang/Desktop/car_light/car_light.runs/impl_1/runme.log
INFO: [Labtoolstcl 44-466] Opening hw_target localhost:3121/xilinx_tcf/Xilinx/1234-tulA
INFO: [Labtools 27-1435] Device xc7a35t (JTAG device index = 0) is not programmed (DONE status = 0).
WARNING: [Labtoolstcl 44-129] No matching hw_ila_data was found.
set_property PROBES.FILE {} [get_hw_devices xc7a35t_0]
set_property FULL_PROBES.FILE {} [get_hw_devices xc7a35t_0]
set_property PROGRAM.FILE {C:/Users/Zhang/Desktop/car_light/car_light.runs/impl_1/car_light.bit} [get_hw_devices xc7a35t_0]
program_hw_devices [get_hw_devices xc7a35t_0]
INFO: [Labtools 27-3164] End of startup status: HIGH
refresh_hw_device [lindex [get_hw_devices xc7a35t_0] 0]
INFO: [Labtools 27-1434] Device xc7a35t (JTAG device index = 0) is programmed with a design that has no supported debug core(s) in it.
reset_run synth_1
launch_runs impl_1 -to_step write_bitstream -jobs 4
[Sun Nov 28 18:27:04 2021] Launched synth_1...
Run output will be captured here: C:/Users/Zhang/Desktop/car_light/car_light.runs/synth_1/runme.log
[Sun Nov 28 18:27:04 2021] Launched impl_1...
Run output will be captured here: C:/Users/Zhang/Desktop/car_light/car_light.runs/impl_1/runme.log
ERROR: [Labtoolstcl 44-513] HW Target shutdown. Closing target: localhost:3121/xilinx_tcf/Xilinx/1234-tulA
INFO: [Labtoolstcl 44-466] Opening hw_target localhost:3121/xilinx_tcf/Xilinx/1234-tulA
INFO: [Labtools 27-1435] Device xc7a35t (JTAG device index = 0) is not programmed (DONE status = 0).
WARNING: [Labtoolstcl 44-129] No matching hw_ila_data was found.
set_property PROBES.FILE {} [get_hw_devices xc7a35t_0]
set_property FULL_PROBES.FILE {} [get_hw_devices xc7a35t_0]
set_property PROGRAM.FILE {C:/Users/Zhang/Desktop/car_light/car_light.runs/impl_1/car_light.bit} [get_hw_devices xc7a35t_0]
program_hw_devices [get_hw_devices xc7a35t_0]
INFO: [Labtools 27-3164] End of startup status: HIGH
refresh_hw_device [lindex [get_hw_devices xc7a35t_0] 0]
INFO: [Labtools 27-1434] Device xc7a35t (JTAG device index = 0) is programmed with a design that has no supported debug core(s) in it.
ERROR: [Labtoolstcl 44-513] HW Target shutdown. Closing target: localhost:3121/xilinx_tcf/Xilinx/1234-tulA
reset_run impl_1 -prev_step 
launch_runs impl_1 -to_step write_bitstream -jobs 4
WARNING: [Vivado 12-872] Run step 'Design Initialization' is out-of-date.
[Sun Nov 28 18:31:39 2021] Launched impl_1...
Run output will be captured here: C:/Users/Zhang/Desktop/car_light/car_light.runs/impl_1/runme.log
INFO: [Labtoolstcl 44-466] Opening hw_target localhost:3121/xilinx_tcf/Xilinx/1234-tulA
INFO: [Labtools 27-1435] Device xc7a35t (JTAG device index = 0) is not programmed (DONE status = 0).
WARNING: [Labtoolstcl 44-129] No matching hw_ila_data was found.
set_property PROBES.FILE {} [get_hw_devices xc7a35t_0]
set_property FULL_PROBES.FILE {} [get_hw_devices xc7a35t_0]
set_property PROGRAM.FILE {C:/Users/Zhang/Desktop/car_light/car_light.runs/impl_1/car_light.bit} [get_hw_devices xc7a35t_0]
program_hw_devices [get_hw_devices xc7a35t_0]
INFO: [Labtools 27-3164] End of startup status: HIGH
refresh_hw_device [lindex [get_hw_devices xc7a35t_0] 0]
INFO: [Labtools 27-1434] Device xc7a35t (JTAG device index = 0) is programmed with a design that has no supported debug core(s) in it.
ERROR: [Labtoolstcl 44-513] HW Target shutdown. Closing target: localhost:3121/xilinx_tcf/Xilinx/1234-tulA
reset_run synth_1
launch_runs impl_1 -to_step write_bitstream -jobs 4
[Sun Nov 28 18:40:06 2021] Launched synth_1...
Run output will be captured here: C:/Users/Zhang/Desktop/car_light/car_light.runs/synth_1/runme.log
[Sun Nov 28 18:40:06 2021] Launched impl_1...
Run output will be captured here: C:/Users/Zhang/Desktop/car_light/car_light.runs/impl_1/runme.log
INFO: [Labtoolstcl 44-466] Opening hw_target localhost:3121/xilinx_tcf/Xilinx/1234-tulA
INFO: [Labtools 27-1435] Device xc7a35t (JTAG device index = 0) is not programmed (DONE status = 0).
WARNING: [Labtoolstcl 44-129] No matching hw_ila_data was found.
set_property PROBES.FILE {} [get_hw_devices xc7a35t_0]
set_property FULL_PROBES.FILE {} [get_hw_devices xc7a35t_0]
set_property PROGRAM.FILE {C:/Users/Zhang/Desktop/car_light/car_light.runs/impl_1/car_light.bit} [get_hw_devices xc7a35t_0]
program_hw_devices [get_hw_devices xc7a35t_0]
INFO: [Labtools 27-3164] End of startup status: HIGH
refresh_hw_device [lindex [get_hw_devices xc7a35t_0] 0]
INFO: [Labtools 27-1434] Device xc7a35t (JTAG device index = 0) is programmed with a design that has no supported debug core(s) in it.
reset_run synth_1
launch_runs impl_1 -to_step write_bitstream -jobs 4
[Sun Nov 28 18:46:47 2021] Launched synth_1...
Run output will be captured here: C:/Users/Zhang/Desktop/car_light/car_light.runs/synth_1/runme.log
[Sun Nov 28 18:46:47 2021] Launched impl_1...
Run output will be captured here: C:/Users/Zhang/Desktop/car_light/car_light.runs/impl_1/runme.log
set_property PROBES.FILE {} [get_hw_devices xc7a35t_0]
set_property FULL_PROBES.FILE {} [get_hw_devices xc7a35t_0]
set_property PROGRAM.FILE {C:/Users/Zhang/Desktop/car_light/car_light.runs/impl_1/car_light.bit} [get_hw_devices xc7a35t_0]
program_hw_devices [get_hw_devices xc7a35t_0]
INFO: [Labtools 27-3164] End of startup status: HIGH
refresh_hw_device [lindex [get_hw_devices xc7a35t_0] 0]
INFO: [Labtools 27-1434] Device xc7a35t (JTAG device index = 0) is programmed with a design that has no supported debug core(s) in it.
ERROR: [Labtoolstcl 44-513] HW Target shutdown. Closing target: localhost:3121/xilinx_tcf/Xilinx/1234-tulA
reset_run synth_1
launch_runs synth_1 -jobs 4
[Sun Nov 28 19:29:32 2021] Launched synth_1...
Run output will be captured here: C:/Users/Zhang/Desktop/car_light/car_light.runs/synth_1/runme.log
launch_runs impl_1 -jobs 4
[Sun Nov 28 19:30:17 2021] Launched impl_1...
Run output will be captured here: C:/Users/Zhang/Desktop/car_light/car_light.runs/impl_1/runme.log
close_hw_manager
reset_run synth_1
launch_runs synth_1 -jobs 4
[Sun Nov 28 19:33:39 2021] Launched synth_1...
Run output will be captured here: C:/Users/Zhang/Desktop/car_light/car_light.runs/synth_1/runme.log
launch_runs impl_1 -jobs 4
[Sun Nov 28 19:34:20 2021] Launched impl_1...
Run output will be captured here: C:/Users/Zhang/Desktop/car_light/car_light.runs/impl_1/runme.log
close_design
reset_run impl_1
launch_runs impl_1 -jobs 4
[Sun Nov 28 19:34:55 2021] Launched impl_1...
Run output will be captured here: C:/Users/Zhang/Desktop/car_light/car_light.runs/impl_1/runme.log
exit
INFO: [Common 17-206] Exiting Vivado at Sun Nov 28 19:35:52 2021...
