#-----------------------------------------------------------
# Vivado v2020.1 (64-bit)
# SW Build 2902540 on Wed May 27 19:54:49 MDT 2020
# IP Build 2902112 on Wed May 27 22:43:36 MDT 2020
# Start of session at: Sun Nov 28 15:20:00 2021
# Process ID: 7476
# Current directory: C:/Users/Zhang/Desktop/car_light
# Command line: vivado.exe -gui_launcher_event rodinguilauncherevent17168 C:\Users\Zhang\Desktop\car_light\car_light.xpr
# Log file: C:/Users/Zhang/Desktop/car_light/vivado.log
# Journal file: C:/Users/Zhang/Desktop/car_light\vivado.jou
#-----------------------------------------------------------
start_gui
open_project C:/Users/Zhang/Desktop/car_light/car_light.xpr
INFO: [Project 1-313] Project file moved from 'C:/Users/LANGLANG/Desktop/vivado/car_light' since last save.
Scanning sources...
Finished scanning sources
INFO: [IP_Flow 19-234] Refreshing IP repositories
INFO: [IP_Flow 19-1704] No user IP repositories specified
INFO: [IP_Flow 19-2313] Loaded Vivado IP repository 'D:/Xilinx/Vivado/2020.1/data/ip'.
open_project: Time (s): cpu = 00:00:15 ; elapsed = 00:00:08 . Memory (MB): peak = 1034.832 ; gain = 0.000
update_compile_order -fileset sources_1
exit
INFO: [Common 17-206] Exiting Vivado at Sun Nov 28 15:20:53 2021...
